<!DOCTYPE html PUBLIC "-//W3C//DTD XHTML 1.1//EN" "http://www.w3.org/TR/xhtml11/DTD/xhtml11.dtd">
<html xmlns="http://www.w3.org/1999/xhtml"><head><title>TestNG Report</title><style type="text/css">table {margin-bottom:10px;border-collapse:collapse;empty-cells:show}th,td {border:1px solid #009;padding:.25em .5em}th {vertical-align:bottom}td {vertical-align:top}table a {font-weight:bold}.stripe td {background-color: #E6EBF9}.num {text-align:right}.passedodd td {background-color: #3F3}.passedeven td {background-color: #0A0}.skippedodd td {background-color: #DDD}.skippedeven td {background-color: #CCC}.failedodd td,.attn {background-color: #F33}.failedeven td,.stripe .attn {background-color: #D00}.stacktrace {white-space:pre;font-family:monospace}.totop {font-size:85%;text-align:center;border-bottom:2px solid #000}</style></head><body><table><tr><th>Test</th><th># Passed</th><th># Skipped</th><th># Failed</th><th>Time (ms)</th><th>Included Groups</th><th>Excluded Groups</th></tr><tr><th colspan="7">Suite</th></tr><tr><td><a href="#t0">MACTEST</a></td><td class="num">0</td><td class="num attn">1</td><td class="num">0</td><td class="num">63</td><td></td><td></td></tr><tr class="stripe"><td><a href="#t1">WIN10TEST</a></td><td class="num">0</td><td class="num attn">1</td><td class="num">0</td><td class="num">68</td><td></td><td></td></tr><tr><td><a href="#t2">WIN8TEST</a></td><td class="num">0</td><td class="num">0</td><td class="num attn">1</td><td class="num">67,149</td><td></td><td></td></tr><tr><th>Total</th><th class="num">0</th><th class="num attn">2</th><th class="num attn">1</th><th class="num">67,280</th><th colspan="2"></th></tr></table><table><thead><tr><th>Class</th><th>Method</th><th>Start</th><th>Time (ms)</th></tr></thead><tbody><tr><th colspan="4">Suite</th></tr></tbody><tbody id="t0"><tr><th colspan="4">MACTEST &#8212; failed (configuration methods)</th></tr><tr class="failedeven"><td rowspan="1">Login.TunnelTest</td><td><a href="#m0">setUp</a></td><td rowspan="1">1603113671612</td><td rowspan="1">0</td></tr><tr><th colspan="4">MACTEST &#8212; skipped (configuration methods)</th></tr><tr class="skippedeven"><td rowspan="2">Login.TunnelTest</td><td><a href="#m1">afterTest</a></td><td rowspan="1">1603113671662</td><td rowspan="1">0</td></tr><tr class="skippedeven"><td><a href="#m2">setUp</a></td><td rowspan="1">1603113671652</td><td rowspan="1">0</td></tr><tr><th colspan="4">MACTEST &#8212; skipped</th></tr><tr class="skippedeven"><td rowspan="1">Login.TunnelTest</td><td><a href="#m3">main</a></td><td rowspan="1">1603113671653</td><td rowspan="1">4</td></tr></tbody><tbody id="t1"><tr><th colspan="4">WIN10TEST &#8212; failed (configuration methods)</th></tr><tr class="failedeven"><td rowspan="1">Login.TunnelTest</td><td><a href="#m4">setUp</a></td><td rowspan="1">1603113671612</td><td rowspan="1">0</td></tr><tr><th colspan="4">WIN10TEST &#8212; skipped (configuration methods)</th></tr><tr class="skippedeven"><td rowspan="2">Login.TunnelTest</td><td><a href="#m5">afterTest</a></td><td rowspan="1">1603113671674</td><td rowspan="1">0</td></tr><tr class="skippedeven"><td><a href="#m6">setUp</a></td><td rowspan="1">1603113671652</td><td rowspan="1">0</td></tr><tr><th colspan="4">WIN10TEST &#8212; skipped</th></tr><tr class="skippedeven"><td rowspan="1">Login.TunnelTest</td><td><a href="#m7">main</a></td><td rowspan="1">1603113671664</td><td rowspan="1">1</td></tr></tbody><tbody id="t2"><tr><th colspan="4">WIN8TEST &#8212; failed</th></tr><tr class="failedeven"><td rowspan="1">Login.TunnelTest</td><td><a href="#m8">main</a></td><td rowspan="1">1603113735133</td><td rowspan="1">3</td></tr></tbody></table><h2>MACTEST</h2><h3 id="m0">Login.TunnelTest#setUp</h3><table class="result"><tr><th>Exception</th></tr><tr><td><div class="stacktrace">org.testng.TestNGException: 
Parameter &apos;deviceName&apos; is required by @Configuration on method setUp but has not been marked @Optional or defined
in C:\Users\Admin\workspace\Lambdatest_Login\testng.xml
	at java.util.concurrent.FutureTask.run(Unknown Source)
	at java.util.concurrent.ThreadPoolExecutor.runWorker(Unknown Source)
	at java.util.concurrent.ThreadPoolExecutor$Worker.run(Unknown Source)
	at java.lang.Thread.run(Unknown Source)
... Removed 11 stack frames</div></td></tr></table><p class="totop"><a href="#summary">back to summary</a></p><h3 id="m1">Login.TunnelTest#afterTest</h3><table class="result"></table><p class="totop"><a href="#summary">back to summary</a></p><h3 id="m2">Login.TunnelTest#setUp</h3><table class="result"></table><p class="totop"><a href="#summary">back to summary</a></p><h3 id="m3">Login.TunnelTest#main</h3><table class="result"></table><p class="totop"><a href="#summary">back to summary</a></p><h2>WIN10TEST</h2><h3 id="m4">Login.TunnelTest#setUp</h3><table class="result"><tr><th>Exception</th></tr><tr><td><div class="stacktrace">org.testng.TestNGException: 
Parameter &apos;deviceName&apos; is required by @Configuration on method setUp but has not been marked @Optional or defined
in C:\Users\Admin\workspace\Lambdatest_Login\testng.xml
	at java.util.concurrent.FutureTask.run(Unknown Source)
	at java.util.concurrent.ThreadPoolExecutor.runWorker(Unknown Source)
	at java.util.concurrent.ThreadPoolExecutor$Worker.run(Unknown Source)
	at java.lang.Thread.run(Unknown Source)
... Removed 11 stack frames</div></td></tr></table><p class="totop"><a href="#summary">back to summary</a></p><h3 id="m5">Login.TunnelTest#afterTest</h3><table class="result"></table><p class="totop"><a href="#summary">back to summary</a></p><h3 id="m6">Login.TunnelTest#setUp</h3><table class="result"></table><p class="totop"><a href="#summary">back to summary</a></p><h3 id="m7">Login.TunnelTest#main</h3><table class="result"></table><p class="totop"><a href="#summary">back to summary</a></p><h2>WIN8TEST</h2><h3 id="m8">Login.TunnelTest#main</h3><table class="result"><tr><th>Exception</th></tr><tr><td><div class="stacktrace">java.lang.Error: Unresolved compilation problems: 
	Syntax error on token &quot;public&quot;, new expected
	Syntax error, insert &quot;;&quot; to complete Statement
	pass cannot be resolved to a variable

	at Login.TunnelTest.main(TunnelTest.java:59)
	at java.util.concurrent.FutureTask.run(Unknown Source)
	at java.util.concurrent.ThreadPoolExecutor.runWorker(Unknown Source)
	at java.util.concurrent.ThreadPoolExecutor$Worker.run(Unknown Source)
	at java.lang.Thread.run(Unknown Source)
... Removed 16 stack frames</div></td></tr></table><p class="totop"><a href="#summary">back to summary</a></p></body></html>