<?xml version="1.0" encoding="UTF-8"?>
<testng-results skipped="2" failed="1" total="3" passed="0">
  <reporter-output>
  </reporter-output>
  <suite name="Suite" duration-ms="67149" started-at="2020-10-19T13:21:11Z" finished-at="2020-10-19T13:22:18Z">
    <groups>
    </groups>
    <test name="MACTEST" duration-ms="63" started-at="2020-10-19T13:21:11Z" finished-at="2020-10-19T13:21:11Z">
      <class name="Login.TunnelTest">
        <test-method status="FAIL" signature="setUp(java.lang.String, java.lang.String, java.lang.String, java.lang.String)[pri:0, instance:Login.TunnelTest@39aeed2f]" name="setUp" is-config="true" duration-ms="0" started-at="2020-10-19T18:51:11Z" finished-at="2020-10-19T18:51:11Z">
          <exception class="org.testng.TestNGException">
            <message>
              <![CDATA[
Parameter 'deviceName' is required by @Configuration on method setUp but has not been marked @Optional or defined
in C:\Users\Admin\workspace\Lambdatest_Login\testng.xml]]>
            </message>
            <full-stacktrace>
              <![CDATA[org.testng.TestNGException: 
Parameter 'deviceName' is required by @Configuration on method setUp but has not been marked @Optional or defined
in C:\Users\Admin\workspace\Lambdatest_Login\testng.xml
	at org.testng.internal.Parameters.createParameters(Parameters.java:156)
	at org.testng.internal.Parameters.createParameters(Parameters.java:370)
	at org.testng.internal.Parameters.createConfigurationParameters(Parameters.java:86)
	at org.testng.internal.Invoker.invokeConfigurations(Invoker.java:202)
	at org.testng.internal.Invoker.invokeConfigurations(Invoker.java:143)
	at org.testng.TestRunner.beforeRun(TestRunner.java:631)
	at org.testng.TestRunner.run(TestRunner.java:599)
	at org.testng.SuiteRunner.runTest(SuiteRunner.java:368)
	at org.testng.SuiteRunner.access$000(SuiteRunner.java:39)
	at org.testng.SuiteRunner$SuiteWorker.run(SuiteRunner.java:402)
	at org.testng.internal.thread.ThreadUtil$2.call(ThreadUtil.java:64)
	at java.util.concurrent.FutureTask.run(Unknown Source)
	at java.util.concurrent.ThreadPoolExecutor.runWorker(Unknown Source)
	at java.util.concurrent.ThreadPoolExecutor$Worker.run(Unknown Source)
	at java.lang.Thread.run(Unknown Source)
]]>
            </full-stacktrace>
          </exception> <!-- org.testng.TestNGException -->
          <reporter-output>
          </reporter-output>
        </test-method> <!-- setUp -->
        <test-method status="SKIP" signature="setUp(java.lang.String, java.lang.String, java.lang.String, java.lang.String)[pri:0, instance:Login.TunnelTest@39aeed2f]" name="setUp" is-config="true" duration-ms="0" started-at="2020-10-19T18:51:11Z" finished-at="2020-10-19T18:51:11Z">
          <reporter-output>
          </reporter-output>
        </test-method> <!-- setUp -->
        <test-method status="SKIP" signature="main()[pri:0, instance:Login.TunnelTest@39aeed2f]" name="main" duration-ms="4" started-at="2020-10-19T18:51:11Z" finished-at="2020-10-19T18:51:11Z">
          <reporter-output>
          </reporter-output>
        </test-method> <!-- main -->
        <test-method status="SKIP" signature="afterTest()[pri:0, instance:Login.TunnelTest@39aeed2f]" name="afterTest" is-config="true" duration-ms="0" started-at="2020-10-19T18:51:11Z" finished-at="2020-10-19T18:51:11Z">
          <reporter-output>
          </reporter-output>
        </test-method> <!-- afterTest -->
      </class> <!-- Login.TunnelTest -->
    </test> <!-- MACTEST -->
    <test name="WIN10TEST" duration-ms="68" started-at="2020-10-19T13:21:11Z" finished-at="2020-10-19T13:21:11Z">
      <class name="Login.TunnelTest">
        <test-method status="FAIL" signature="setUp(java.lang.String, java.lang.String, java.lang.String, java.lang.String)[pri:0, instance:Login.TunnelTest@482f8f11]" name="setUp" is-config="true" duration-ms="0" started-at="2020-10-19T18:51:11Z" finished-at="2020-10-19T18:51:11Z">
          <exception class="org.testng.TestNGException">
            <message>
              <![CDATA[
Parameter 'deviceName' is required by @Configuration on method setUp but has not been marked @Optional or defined
in C:\Users\Admin\workspace\Lambdatest_Login\testng.xml]]>
            </message>
            <full-stacktrace>
              <![CDATA[org.testng.TestNGException: 
Parameter 'deviceName' is required by @Configuration on method setUp but has not been marked @Optional or defined
in C:\Users\Admin\workspace\Lambdatest_Login\testng.xml
	at org.testng.internal.Parameters.createParameters(Parameters.java:156)
	at org.testng.internal.Parameters.createParameters(Parameters.java:370)
	at org.testng.internal.Parameters.createConfigurationParameters(Parameters.java:86)
	at org.testng.internal.Invoker.invokeConfigurations(Invoker.java:202)
	at org.testng.internal.Invoker.invokeConfigurations(Invoker.java:143)
	at org.testng.TestRunner.beforeRun(TestRunner.java:631)
	at org.testng.TestRunner.run(TestRunner.java:599)
	at org.testng.SuiteRunner.runTest(SuiteRunner.java:368)
	at org.testng.SuiteRunner.access$000(SuiteRunner.java:39)
	at org.testng.SuiteRunner$SuiteWorker.run(SuiteRunner.java:402)
	at org.testng.internal.thread.ThreadUtil$2.call(ThreadUtil.java:64)
	at java.util.concurrent.FutureTask.run(Unknown Source)
	at java.util.concurrent.ThreadPoolExecutor.runWorker(Unknown Source)
	at java.util.concurrent.ThreadPoolExecutor$Worker.run(Unknown Source)
	at java.lang.Thread.run(Unknown Source)
]]>
            </full-stacktrace>
          </exception> <!-- org.testng.TestNGException -->
          <reporter-output>
          </reporter-output>
        </test-method> <!-- setUp -->
        <test-method status="SKIP" signature="setUp(java.lang.String, java.lang.String, java.lang.String, java.lang.String)[pri:0, instance:Login.TunnelTest@482f8f11]" name="setUp" is-config="true" duration-ms="0" started-at="2020-10-19T18:51:11Z" finished-at="2020-10-19T18:51:11Z">
          <reporter-output>
          </reporter-output>
        </test-method> <!-- setUp -->
        <test-method status="SKIP" signature="main()[pri:0, instance:Login.TunnelTest@482f8f11]" name="main" duration-ms="1" started-at="2020-10-19T18:51:11Z" finished-at="2020-10-19T18:51:11Z">
          <reporter-output>
          </reporter-output>
        </test-method> <!-- main -->
        <test-method status="SKIP" signature="afterTest()[pri:0, instance:Login.TunnelTest@482f8f11]" name="afterTest" is-config="true" duration-ms="0" started-at="2020-10-19T18:51:11Z" finished-at="2020-10-19T18:51:11Z">
          <reporter-output>
          </reporter-output>
        </test-method> <!-- afterTest -->
      </class> <!-- Login.TunnelTest -->
    </test> <!-- WIN10TEST -->
    <test name="WIN8TEST" duration-ms="67149" started-at="2020-10-19T13:21:11Z" finished-at="2020-10-19T13:22:18Z">
      <class name="Login.TunnelTest">
        <test-method status="PASS" signature="setUp(java.lang.String, java.lang.String, java.lang.String, java.lang.String)[pri:0, instance:Login.TunnelTest@100fc185]" name="setUp" is-config="true" duration-ms="33604" started-at="2020-10-19T18:51:11Z" finished-at="2020-10-19T18:51:45Z">
          <params>
            <param index="0">
              <value>
                <![CDATA[firefox]]>
              </value>
            </param>
            <param index="1">
              <value>
                <![CDATA[6.0]]>
              </value>
            </param>
            <param index="2">
              <value>
                <![CDATA[Android]]>
              </value>
            </param>
            <param index="3">
              <value>
                <![CDATA[HTC 10]]>
              </value>
            </param>
          </params>
          <reporter-output>
          </reporter-output>
        </test-method> <!-- setUp -->
        <test-method status="PASS" signature="setUp(java.lang.String, java.lang.String, java.lang.String, java.lang.String)[pri:0, instance:Login.TunnelTest@100fc185]" name="setUp" is-config="true" duration-ms="29916" started-at="2020-10-19T18:51:45Z" finished-at="2020-10-19T18:52:15Z">
          <params>
            <param index="0">
              <value>
                <![CDATA[firefox]]>
              </value>
            </param>
            <param index="1">
              <value>
                <![CDATA[6.0]]>
              </value>
            </param>
            <param index="2">
              <value>
                <![CDATA[Android]]>
              </value>
            </param>
            <param index="3">
              <value>
                <![CDATA[HTC 10]]>
              </value>
            </param>
          </params>
          <reporter-output>
          </reporter-output>
        </test-method> <!-- setUp -->
        <test-method status="FAIL" signature="main()[pri:0, instance:Login.TunnelTest@100fc185]" name="main" duration-ms="3" started-at="2020-10-19T18:52:15Z" finished-at="2020-10-19T18:52:15Z">
          <exception class="java.lang.Error">
            <message>
              <![CDATA[Unresolved compilation problems: 
	Syntax error on token "public", new expected
	Syntax error, insert ";" to complete Statement
	pass cannot be resolved to a variable
]]>
            </message>
            <full-stacktrace>
              <![CDATA[java.lang.Error: Unresolved compilation problems: 
	Syntax error on token "public", new expected
	Syntax error, insert ";" to complete Statement
	pass cannot be resolved to a variable

	at Login.TunnelTest.main(TunnelTest.java:59)
	at sun.reflect.NativeMethodAccessorImpl.invoke0(Native Method)
	at sun.reflect.NativeMethodAccessorImpl.invoke(Unknown Source)
	at sun.reflect.DelegatingMethodAccessorImpl.invoke(Unknown Source)
	at java.lang.reflect.Method.invoke(Unknown Source)
	at org.testng.internal.MethodInvocationHelper.invokeMethod(MethodInvocationHelper.java:100)
	at org.testng.internal.Invoker.invokeMethod(Invoker.java:646)
	at org.testng.internal.Invoker.invokeTestMethod(Invoker.java:811)
	at org.testng.internal.Invoker.invokeTestMethods(Invoker.java:1137)
	at org.testng.internal.TestMethodWorker.invokeTestMethods(TestMethodWorker.java:129)
	at org.testng.internal.TestMethodWorker.run(TestMethodWorker.java:112)
	at org.testng.TestRunner.privateRun(TestRunner.java:753)
	at org.testng.TestRunner.run(TestRunner.java:607)
	at org.testng.SuiteRunner.runTest(SuiteRunner.java:368)
	at org.testng.SuiteRunner.access$000(SuiteRunner.java:39)
	at org.testng.SuiteRunner$SuiteWorker.run(SuiteRunner.java:402)
	at org.testng.internal.thread.ThreadUtil$2.call(ThreadUtil.java:64)
	at java.util.concurrent.FutureTask.run(Unknown Source)
	at java.util.concurrent.ThreadPoolExecutor.runWorker(Unknown Source)
	at java.util.concurrent.ThreadPoolExecutor$Worker.run(Unknown Source)
	at java.lang.Thread.run(Unknown Source)
]]>
            </full-stacktrace>
          </exception> <!-- java.lang.Error -->
          <reporter-output>
          </reporter-output>
        </test-method> <!-- main -->
        <test-method status="PASS" signature="afterTest()[pri:0, instance:Login.TunnelTest@100fc185]" name="afterTest" is-config="true" duration-ms="3618" started-at="2020-10-19T18:52:15Z" finished-at="2020-10-19T18:52:18Z">
          <reporter-output>
          </reporter-output>
        </test-method> <!-- afterTest -->
      </class> <!-- Login.TunnelTest -->
    </test> <!-- WIN8TEST -->
  </suite> <!-- Suite -->
</testng-results>
